<!DOCTYPE html PUBLIC "-//W3C//DTD XHTML 1.1//EN" "http://www.w3.org/TR/xhtml11/DTD/xhtml11.dtd">
<html xmlns="http://www.w3.org/1999/xhtml"><head><title>TestNG Report</title><style type="text/css">table {margin-bottom:10px;border-collapse:collapse;empty-cells:show}th,td {border:1px solid #009;padding:.25em .5em}th {vertical-align:bottom}td {vertical-align:top}table a {font-weight:bold}.stripe td {background-color: #E6EBF9}.num {text-align:right}.passedodd td {background-color: #3F3}.passedeven td {background-color: #0A0}.skippedodd td {background-color: #DDD}.skippedeven td {background-color: #CCC}.failedodd td,.attn {background-color: #F33}.failedeven td,.stripe .attn {background-color: #D00}.stacktrace {white-space:pre;font-family:monospace}.totop {font-size:85%;text-align:center;border-bottom:2px solid #000}</style></head><body><table><tr><th>Test</th><th># Passed</th><th># Skipped</th><th># Failed</th><th>Time (ms)</th><th>Included Groups</th><th>Excluded Groups</th></tr><tr><th colspan="7">Parallel test suite</th></tr><tr><td><a href="#t0">functestForSideMenu</a></td><td class="num">1</td><td class="num">0</td><td class="num attn">4</td><td class="num">70 549</td><td>functest</td><td></td></tr><tr class="stripe"><td><a href="#t1">functestForLoginPage</a></td><td class="num">13</td><td class="num">0</td><td class="num">0</td><td class="num">78 402</td><td>functest</td><td></td></tr><tr><th>Total</th><th class="num">14</th><th class="num">0</th><th class="num attn">4</th><th class="num">148 951</th><th colspan="2"></th></tr></table><table id='summary'><thead><tr><th>Class</th><th>Method</th><th>Start</th><th>Time (ms)</th></tr></thead><tbody><tr><th colspan="4">Parallel test suite</th></tr></tbody><tbody id="t0"><tr><th colspan="4">functestForSideMenu &#8212; failed</th></tr><tr class="failedeven"><td rowspan="4">SideMenu</td><td><a href="#m0">asserHideMenu</a></td><td rowspan="1">1504443048153</td><td rowspan="1">994</td></tr><tr class="failedeven"><td><a href="#m1">assertActiveItem</a></td><td rowspan="1">1504443060061</td><td rowspan="1">1154</td></tr><tr class="failedeven"><td><a href="#m2">assertChangingTemplateItem</a></td><td rowspan="1">1504443061291</td><td rowspan="1">226</td></tr><tr class="failedeven"><td><a href="#m3">assertIconsOfMenuItems</a></td><td rowspan="1">1504443061520</td><td rowspan="1">82</td></tr><tr><th colspan="4">functestForSideMenu &#8212; passed</th></tr><tr class="passedeven"><td rowspan="1">SideMenu</td><td><a href="#m4">asserItemLinks</a></td><td rowspan="1">1504443049198</td><td rowspan="1">10861</td></tr></tbody><tbody id="t1"><tr><th colspan="4">functestForLoginPage &#8212; passed</th></tr><tr class="passedeven"><td rowspan="13">Login</td><td><a href="#m5">assertElementsOnPage</a></td><td rowspan="1">1504443011178</td><td rowspan="1">39919</td></tr><tr class="passedeven"><td><a href="#m6">dontHaveAccount</a></td><td rowspan="1">1504443051098</td><td rowspan="1">5105</td></tr><tr class="passedeven"><td><a href="#m7">enterEmail</a></td><td rowspan="1">1504443056205</td><td rowspan="1">3184</td></tr><tr class="passedeven"><td><a href="#m8">enterMaxEmail</a></td><td rowspan="1">1504443059391</td><td rowspan="1">1638</td></tr><tr class="passedeven"><td><a href="#m9">enterMaxPassword</a></td><td rowspan="1">1504443061029</td><td rowspan="1">1601</td></tr><tr class="passedeven"><td><a href="#m10">enterMinPassword</a></td><td rowspan="1">1504443062634</td><td rowspan="1">2142</td></tr><tr class="passedeven"><td><a href="#m11">enterMinThenMinEmail</a></td><td rowspan="1">1504443064777</td><td rowspan="1">2191</td></tr><tr class="passedeven"><td><a href="#m12">enterMinThenMinPassword</a></td><td rowspan="1">1504443066970</td><td rowspan="1">2785</td></tr><tr class="passedeven"><td><a href="#m13">enterWithEmptyPassword</a></td><td rowspan="1">1504443069757</td><td rowspan="1">2658</td></tr><tr class="passedeven"><td><a href="#m14">enterWithWrongEmail</a></td><td rowspan="1">1504443072415</td><td rowspan="1">2643</td></tr><tr class="passedeven"><td><a href="#m15">enterWithWrongPassword</a></td><td rowspan="1">1504443075058</td><td rowspan="1">3066</td></tr><tr class="passedeven"><td><a href="#m16">passwordHolder</a></td><td rowspan="1">1504443078125</td><td rowspan="1">2158</td></tr><tr class="passedeven"><td><a href="#m17">passwordWithAsterisk</a></td><td rowspan="1">1504443080283</td><td rowspan="1">2206</td></tr></tbody></table><h2>functestForSideMenu</h2><h3 id="m0">SideMenu#asserHideMenu</h3><table class="result"><tr><th>Exception</th></tr><tr><td><div class="stacktrace">java.lang.AssertionError: expected [true] but found [false]
	at SideMenu.asserHideMenu(SideMenu.java:48)
	at java.util.concurrent.FutureTask.run(FutureTask.java:266)
	at java.util.concurrent.ThreadPoolExecutor.runWorker(ThreadPoolExecutor.java:1142)
	at java.util.concurrent.ThreadPoolExecutor$Worker.run(ThreadPoolExecutor.java:617)
	at java.lang.Thread.run(Thread.java:745)
... Removed 20 stack frames</div></td></tr></table><p class="totop"><a href="#summary">back to summary</a></p><h3 id="m1">SideMenu#assertActiveItem</h3><table class="result"><tr><th>Exception</th></tr><tr><td><div class="stacktrace">org.openqa.selenium.UnhandledAlertException: unexpected alert open: {Alert text : Error:TypeError: Failed to fetch}
  (Session info: chrome=60.0.3112.113)
  (Driver info: chromedriver=2.29.461591 (62ebf098771772160f391d75e589dc567915b233),platform=Windows NT 10.0.15063 x86_64) (WARNING: The server did not provide any stacktrace information)
Command duration or timeout: 56 milliseconds: null
Build info: version: &apos;3.4.0&apos;, revision: &apos;unknown&apos;, time: &apos;unknown&apos;
System info: host: &apos;DESKTOP-II50ODI&apos;, ip: &apos;192.168.31.114&apos;, os.name: &apos;Windows 10&apos;, os.arch: &apos;amd64&apos;, os.version: &apos;10.0&apos;, java.version: &apos;1.8.0_121&apos;
Driver info: org.openqa.selenium.chrome.ChromeDriver
Capabilities [{applicationCacheEnabled=false, rotatable=false, mobileEmulationEnabled=false, networkConnectionEnabled=false, chrome={chromedriverVersion=2.29.461591 (62ebf098771772160f391d75e589dc567915b233), userDataDir=C:\Users\3671~1\AppData\Local\Temp\scoped_dir5456_8461}, takesHeapSnapshot=true, pageLoadStrategy=normal, databaseEnabled=false, handlesAlerts=true, hasTouchScreen=false, version=60.0.3112.113, platform=XP, browserConnectionEnabled=false, nativeEvents=true, acceptSslCerts=true, locationContextEnabled=true, webStorageEnabled=true, browserName=chrome, takesScreenshot=true, javascriptEnabled=true, cssSelectorsEnabled=true, unexpectedAlertBehaviour=}]
Session ID: 843ad67b75bd65450a6241580f4e9ef1
*** Element info: {Using=xpath, value=//*[@id=&quot;app&quot;]/div/div[1]/div/div[2]/div/ul/li[1]/ul/li[1]/a}
	at org.openqa.selenium.remote.ErrorHandler.createThrowable(ErrorHandler.java:215)
	at org.openqa.selenium.remote.ErrorHandler.throwIfResponseFailed(ErrorHandler.java:173)
	at org.openqa.selenium.remote.RemoteWebDriver.execute(RemoteWebDriver.java:671)
	at org.openqa.selenium.remote.RemoteWebDriver.findElement(RemoteWebDriver.java:410)
	at org.openqa.selenium.remote.RemoteWebDriver.findElementByXPath(RemoteWebDriver.java:509)
	at org.openqa.selenium.By$ByXPath.findElement(By.java:361)
	at org.openqa.selenium.remote.RemoteWebDriver.findElement(RemoteWebDriver.java:402)
	at ui.SideMenuPage.clickUpcomingItem(SideMenuPage.java:44)
	at SideMenu.assertActiveItem(SideMenu.java:137)
	at java.util.concurrent.FutureTask.run(FutureTask.java:266)
	at java.util.concurrent.ThreadPoolExecutor.runWorker(ThreadPoolExecutor.java:1142)
	at java.util.concurrent.ThreadPoolExecutor$Worker.run(ThreadPoolExecutor.java:617)
	at java.lang.Thread.run(Thread.java:745)
... Removed 20 stack frames</div></td></tr></table><p class="totop"><a href="#summary">back to summary</a></p><h3 id="m2">SideMenu#assertChangingTemplateItem</h3><table class="result"><tr><th>Exception</th></tr><tr><td><div class="stacktrace">org.openqa.selenium.UnhandledAlertException: unexpected alert open: {Alert text : Error:TypeError: Failed to fetch}
  (Session info: chrome=60.0.3112.113)
  (Driver info: chromedriver=2.29.461591 (62ebf098771772160f391d75e589dc567915b233),platform=Windows NT 10.0.15063 x86_64) (WARNING: The server did not provide any stacktrace information)
Command duration or timeout: 38 milliseconds: null
Build info: version: &apos;3.4.0&apos;, revision: &apos;unknown&apos;, time: &apos;unknown&apos;
System info: host: &apos;DESKTOP-II50ODI&apos;, ip: &apos;192.168.31.114&apos;, os.name: &apos;Windows 10&apos;, os.arch: &apos;amd64&apos;, os.version: &apos;10.0&apos;, java.version: &apos;1.8.0_121&apos;
Driver info: org.openqa.selenium.chrome.ChromeDriver
Capabilities [{applicationCacheEnabled=false, rotatable=false, mobileEmulationEnabled=false, networkConnectionEnabled=false, chrome={chromedriverVersion=2.29.461591 (62ebf098771772160f391d75e589dc567915b233), userDataDir=C:\Users\3671~1\AppData\Local\Temp\scoped_dir5456_8461}, takesHeapSnapshot=true, pageLoadStrategy=normal, databaseEnabled=false, handlesAlerts=true, hasTouchScreen=false, version=60.0.3112.113, platform=XP, browserConnectionEnabled=false, nativeEvents=true, acceptSslCerts=true, locationContextEnabled=true, webStorageEnabled=true, browserName=chrome, takesScreenshot=true, javascriptEnabled=true, cssSelectorsEnabled=true, unexpectedAlertBehaviour=}]
Session ID: 843ad67b75bd65450a6241580f4e9ef1
	at org.openqa.selenium.remote.ErrorHandler.createThrowable(ErrorHandler.java:215)
	at org.openqa.selenium.remote.ErrorHandler.throwIfResponseFailed(ErrorHandler.java:173)
	at org.openqa.selenium.remote.RemoteWebDriver.execute(RemoteWebDriver.java:671)
	at org.openqa.selenium.remote.RemoteWebDriver.get(RemoteWebDriver.java:364)
	at ui.LoginPage.open(LoginPage.java:63)
	at SideMenu.assertChangingTemplateItem(SideMenu.java:91)
	at java.util.concurrent.FutureTask.run(FutureTask.java:266)
	at java.util.concurrent.ThreadPoolExecutor.runWorker(ThreadPoolExecutor.java:1142)
	at java.util.concurrent.ThreadPoolExecutor$Worker.run(ThreadPoolExecutor.java:617)
	at java.lang.Thread.run(Thread.java:745)
... Removed 20 stack frames</div></td></tr></table><p class="totop"><a href="#summary">back to summary</a></p><h3 id="m3">SideMenu#assertIconsOfMenuItems</h3><table class="result"><tr><th>Exception</th></tr><tr><td><div class="stacktrace">org.openqa.selenium.UnhandledAlertException: unexpected alert open: {Alert text : Error:TypeError: Failed to fetch}
  (Session info: chrome=60.0.3112.113)
  (Driver info: chromedriver=2.29.461591 (62ebf098771772160f391d75e589dc567915b233),platform=Windows NT 10.0.15063 x86_64) (WARNING: The server did not provide any stacktrace information)
Command duration or timeout: 78 milliseconds: null
Build info: version: &apos;3.4.0&apos;, revision: &apos;unknown&apos;, time: &apos;unknown&apos;
System info: host: &apos;DESKTOP-II50ODI&apos;, ip: &apos;192.168.31.114&apos;, os.name: &apos;Windows 10&apos;, os.arch: &apos;amd64&apos;, os.version: &apos;10.0&apos;, java.version: &apos;1.8.0_121&apos;
Driver info: org.openqa.selenium.chrome.ChromeDriver
Capabilities [{applicationCacheEnabled=false, rotatable=false, mobileEmulationEnabled=false, networkConnectionEnabled=false, chrome={chromedriverVersion=2.29.461591 (62ebf098771772160f391d75e589dc567915b233), userDataDir=C:\Users\3671~1\AppData\Local\Temp\scoped_dir5456_8461}, takesHeapSnapshot=true, pageLoadStrategy=normal, databaseEnabled=false, handlesAlerts=true, hasTouchScreen=false, version=60.0.3112.113, platform=XP, browserConnectionEnabled=false, nativeEvents=true, acceptSslCerts=true, locationContextEnabled=true, webStorageEnabled=true, browserName=chrome, takesScreenshot=true, javascriptEnabled=true, cssSelectorsEnabled=true, unexpectedAlertBehaviour=}]
Session ID: 843ad67b75bd65450a6241580f4e9ef1
	at org.openqa.selenium.remote.ErrorHandler.createThrowable(ErrorHandler.java:215)
	at org.openqa.selenium.remote.ErrorHandler.throwIfResponseFailed(ErrorHandler.java:173)
	at org.openqa.selenium.remote.RemoteWebDriver.execute(RemoteWebDriver.java:671)
	at org.openqa.selenium.remote.RemoteWebDriver.get(RemoteWebDriver.java:364)
	at ui.LoginPage.open(LoginPage.java:63)
	at SideMenu.assertIconsOfMenuItems(SideMenu.java:65)
	at java.util.concurrent.FutureTask.run(FutureTask.java:266)
	at java.util.concurrent.ThreadPoolExecutor.runWorker(ThreadPoolExecutor.java:1142)
	at java.util.concurrent.ThreadPoolExecutor$Worker.run(ThreadPoolExecutor.java:617)
	at java.lang.Thread.run(Thread.java:745)
... Removed 20 stack frames</div></td></tr></table><p class="totop"><a href="#summary">back to summary</a></p><h3 id="m4">SideMenu#asserItemLinks</h3><table class="result"></table><p class="totop"><a href="#summary">back to summary</a></p><h2>functestForLoginPage</h2><h3 id="m5">Login#assertElementsOnPage</h3><table class="result"></table><p class="totop"><a href="#summary">back to summary</a></p><h3 id="m6">Login#dontHaveAccount</h3><table class="result"></table><p class="totop"><a href="#summary">back to summary</a></p><h3 id="m7">Login#enterEmail</h3><table class="result"></table><p class="totop"><a href="#summary">back to summary</a></p><h3 id="m8">Login#enterMaxEmail</h3><table class="result"></table><p class="totop"><a href="#summary">back to summary</a></p><h3 id="m9">Login#enterMaxPassword</h3><table class="result"></table><p class="totop"><a href="#summary">back to summary</a></p><h3 id="m10">Login#enterMinPassword</h3><table class="result"></table><p class="totop"><a href="#summary">back to summary</a></p><h3 id="m11">Login#enterMinThenMinEmail</h3><table class="result"></table><p class="totop"><a href="#summary">back to summary</a></p><h3 id="m12">Login#enterMinThenMinPassword</h3><table class="result"></table><p class="totop"><a href="#summary">back to summary</a></p><h3 id="m13">Login#enterWithEmptyPassword</h3><table class="result"></table><p class="totop"><a href="#summary">back to summary</a></p><h3 id="m14">Login#enterWithWrongEmail</h3><table class="result"></table><p class="totop"><a href="#summary">back to summary</a></p><h3 id="m15">Login#enterWithWrongPassword</h3><table class="result"></table><p class="totop"><a href="#summary">back to summary</a></p><h3 id="m16">Login#passwordHolder</h3><table class="result"></table><p class="totop"><a href="#summary">back to summary</a></p><h3 id="m17">Login#passwordWithAsterisk</h3><table class="result"></table><p class="totop"><a href="#summary">back to summary</a></p></body></html>