<?xml version="1.0" encoding="UTF-8"?>
<testng-results skipped="0" failed="4" ignored="7" total="25" passed="14">
  <reporter-output>
  </reporter-output>
  <suite name="Parallel test suite" duration-ms="78402" started-at="2017-09-03T12:50:05Z" finished-at="2017-09-03T12:51:24Z">
    <groups>
      <group name="12">
        <method signature="Login.dontHaveAccount()[pri:0, instance:Login@7946e1f4]" name="dontHaveAccount" class="Login"/>
      </group> <!-- 12 -->
      <group name="14">
        <method signature="SideMenu.asserHideMenu()[pri:0, instance:SideMenu@6d78f375]" name="asserHideMenu" class="SideMenu"/>
      </group> <!-- 14 -->
      <group name="18">
        <method signature="SideMenu.assertIconsOfMenuItems()[pri:0, instance:SideMenu@6d78f375]" name="assertIconsOfMenuItems" class="SideMenu"/>
      </group> <!-- 18 -->
      <group name="19">
        <method signature="SideMenu.assertChangingTemplateItem()[pri:0, instance:SideMenu@6d78f375]" name="assertChangingTemplateItem" class="SideMenu"/>
      </group> <!-- 19 -->
      <group name="emailInput">
        <method signature="Login.enterEmail()[pri:0, instance:Login@7946e1f4]" name="enterEmail" class="Login"/>
        <method signature="Login.enterMaxEmail()[pri:0, instance:Login@7946e1f4]" name="enterMaxEmail" class="Login"/>
        <method signature="Login.enterMinThenMinEmail()[pri:0, instance:Login@7946e1f4]" name="enterMinThenMinEmail" class="Login"/>
      </group> <!-- emailInput -->
      <group name="wrongEmailOrPasswrd">
        <method signature="Login.enterWithEmptyPassword()[pri:0, instance:Login@7946e1f4]" name="enterWithEmptyPassword" class="Login"/>
        <method signature="Login.enterWithWrongEmail()[pri:0, instance:Login@7946e1f4]" name="enterWithWrongEmail" class="Login"/>
        <method signature="Login.enterWithWrongPassword()[pri:0, instance:Login@7946e1f4]" name="enterWithWrongPassword" class="Login"/>
      </group> <!-- wrongEmailOrPasswrd -->
      <group name="2">
        <method signature="Login.assertElementsOnPage()[pri:0, instance:Login@7946e1f4]" name="assertElementsOnPage" class="Login"/>
      </group> <!-- 2 -->
      <group name="10.2">
        <method signature="Login.enterMaxPassword()[pri:0, instance:Login@7946e1f4]" name="enterMaxPassword" class="Login"/>
      </group> <!-- 10.2 -->
      <group name="4">
        <method signature="Login.passwordWithAsterisk()[pri:0, instance:Login@7946e1f4]" name="passwordWithAsterisk" class="Login"/>
      </group> <!-- 4 -->
      <group name="10.1">
        <method signature="Login.enterMinPassword()[pri:0, instance:Login@7946e1f4]" name="enterMinPassword" class="Login"/>
      </group> <!-- 10.1 -->
      <group name="5">
        <method signature="Login.passwordHolder()[pri:0, instance:Login@7946e1f4]" name="passwordHolder" class="Login"/>
      </group> <!-- 5 -->
      <group name="passwordCheck">
        <method signature="Login.enterMaxPassword()[pri:0, instance:Login@7946e1f4]" name="enterMaxPassword" class="Login"/>
        <method signature="Login.enterMinPassword()[pri:0, instance:Login@7946e1f4]" name="enterMinPassword" class="Login"/>
        <method signature="Login.enterMinThenMinPassword()[pri:0, instance:Login@7946e1f4]" name="enterMinThenMinPassword" class="Login"/>
      </group> <!-- passwordCheck -->
      <group name="8">
        <method signature="Login.enterWithWrongEmail()[pri:0, instance:Login@7946e1f4]" name="enterWithWrongEmail" class="Login"/>
      </group> <!-- 8 -->
      <group name="functest">
        <method signature="Login.assertElementsOnPage()[pri:0, instance:Login@7946e1f4]" name="assertElementsOnPage" class="Login"/>
        <method signature="Login.dontHaveAccount()[pri:0, instance:Login@7946e1f4]" name="dontHaveAccount" class="Login"/>
        <method signature="Login.enterEmail()[pri:0, instance:Login@7946e1f4]" name="enterEmail" class="Login"/>
        <method signature="Login.enterMaxEmail()[pri:0, instance:Login@7946e1f4]" name="enterMaxEmail" class="Login"/>
        <method signature="Login.enterMaxPassword()[pri:0, instance:Login@7946e1f4]" name="enterMaxPassword" class="Login"/>
        <method signature="Login.enterMinPassword()[pri:0, instance:Login@7946e1f4]" name="enterMinPassword" class="Login"/>
        <method signature="Login.enterMinThenMinEmail()[pri:0, instance:Login@7946e1f4]" name="enterMinThenMinEmail" class="Login"/>
        <method signature="Login.enterMinThenMinPassword()[pri:0, instance:Login@7946e1f4]" name="enterMinThenMinPassword" class="Login"/>
        <method signature="Login.enterWithEmptyPassword()[pri:0, instance:Login@7946e1f4]" name="enterWithEmptyPassword" class="Login"/>
        <method signature="Login.enterWithWrongEmail()[pri:0, instance:Login@7946e1f4]" name="enterWithWrongEmail" class="Login"/>
        <method signature="Login.enterWithWrongPassword()[pri:0, instance:Login@7946e1f4]" name="enterWithWrongPassword" class="Login"/>
        <method signature="Login.passwordHolder()[pri:0, instance:Login@7946e1f4]" name="passwordHolder" class="Login"/>
        <method signature="Login.passwordWithAsterisk()[pri:0, instance:Login@7946e1f4]" name="passwordWithAsterisk" class="Login"/>
        <method signature="SideMenu.asserHideMenu()[pri:0, instance:SideMenu@6d78f375]" name="asserHideMenu" class="SideMenu"/>
        <method signature="SideMenu.asserItemLinks()[pri:0, instance:SideMenu@6d78f375]" name="asserItemLinks" class="SideMenu"/>
        <method signature="SideMenu.assertActiveItem()[pri:0, instance:SideMenu@6d78f375]" name="assertActiveItem" class="SideMenu"/>
        <method signature="SideMenu.assertChangingTemplateItem()[pri:0, instance:SideMenu@6d78f375]" name="assertChangingTemplateItem" class="SideMenu"/>
        <method signature="SideMenu.assertIconsOfMenuItems()[pri:0, instance:SideMenu@6d78f375]" name="assertIconsOfMenuItems" class="SideMenu"/>
      </group> <!-- functest -->
      <group name="9">
        <method signature="Login.enterMinThenMinEmail()[pri:0, instance:Login@7946e1f4]" name="enterMinThenMinEmail" class="Login"/>
      </group> <!-- 9 -->
      <group name="8.1">
        <method signature="Login.enterWithEmptyPassword()[pri:0, instance:Login@7946e1f4]" name="enterWithEmptyPassword" class="Login"/>
      </group> <!-- 8.1 -->
      <group name="9.1">
        <method signature="Login.enterEmail()[pri:0, instance:Login@7946e1f4]" name="enterEmail" class="Login"/>
      </group> <!-- 9.1 -->
      <group name="8.2">
        <method signature="Login.enterWithWrongPassword()[pri:0, instance:Login@7946e1f4]" name="enterWithWrongPassword" class="Login"/>
      </group> <!-- 8.2 -->
      <group name="9.2">
        <method signature="Login.enterMaxEmail()[pri:0, instance:Login@7946e1f4]" name="enterMaxEmail" class="Login"/>
      </group> <!-- 9.2 -->
      <group name="20">
        <method signature="SideMenu.assertActiveItem()[pri:0, instance:SideMenu@6d78f375]" name="assertActiveItem" class="SideMenu"/>
      </group> <!-- 20 -->
      <group name="10">
        <method signature="Login.enterMinThenMinPassword()[pri:0, instance:Login@7946e1f4]" name="enterMinThenMinPassword" class="Login"/>
      </group> <!-- 10 -->
      <group name="21">
        <method signature="SideMenu.asserItemLinks()[pri:0, instance:SideMenu@6d78f375]" name="asserItemLinks" class="SideMenu"/>
      </group> <!-- 21 -->
    </groups>
    <test name="functestForSideMenu" duration-ms="70549" started-at="2017-09-03T12:50:05Z" finished-at="2017-09-03T12:51:16Z">
      <class name="SideMenu">
        <test-method status="PASS" signature="before()[pri:0, instance:SideMenu@6d78f375]" name="before" is-config="true" duration-ms="42337" started-at="2017-09-03T15:50:05Z" finished-at="2017-09-03T15:50:48Z">
          <reporter-output>
          </reporter-output>
        </test-method> <!-- before -->
        <test-method status="FAIL" signature="asserHideMenu()[pri:0, instance:SideMenu@6d78f375]" name="asserHideMenu" duration-ms="994" started-at="2017-09-03T15:50:48Z" finished-at="2017-09-03T15:50:49Z">
          <exception class="java.lang.AssertionError">
            <message>
              <![CDATA[expected [true] but found [false]]]>
            </message>
            <full-stacktrace>
              <![CDATA[java.lang.AssertionError: expected [true] but found [false]
	at org.testng.Assert.fail(Assert.java:93)
	at org.testng.Assert.failNotEquals(Assert.java:512)
	at org.testng.Assert.assertTrue(Assert.java:41)
	at org.testng.Assert.assertTrue(Assert.java:51)
	at SideMenu.asserHideMenu(SideMenu.java:48)
	at sun.reflect.NativeMethodAccessorImpl.invoke0(Native Method)
	at sun.reflect.NativeMethodAccessorImpl.invoke(NativeMethodAccessorImpl.java:62)
	at sun.reflect.DelegatingMethodAccessorImpl.invoke(DelegatingMethodAccessorImpl.java:43)
	at java.lang.reflect.Method.invoke(Method.java:498)
	at org.testng.internal.MethodInvocationHelper.invokeMethod(MethodInvocationHelper.java:108)
	at org.testng.internal.Invoker.invokeMethod(Invoker.java:661)
	at org.testng.internal.Invoker.invokeTestMethod(Invoker.java:869)
	at org.testng.internal.Invoker.invokeTestMethods(Invoker.java:1193)
	at org.testng.internal.TestMethodWorker.invokeTestMethods(TestMethodWorker.java:126)
	at org.testng.internal.TestMethodWorker.run(TestMethodWorker.java:109)
	at org.testng.TestRunner.privateRun(TestRunner.java:744)
	at org.testng.TestRunner.run(TestRunner.java:602)
	at org.testng.SuiteRunner.runTest(SuiteRunner.java:380)
	at org.testng.SuiteRunner.access$000(SuiteRunner.java:39)
	at org.testng.SuiteRunner$SuiteWorker.run(SuiteRunner.java:414)
	at org.testng.internal.thread.ThreadUtil$1.call(ThreadUtil.java:52)
	at java.util.concurrent.FutureTask.run(FutureTask.java:266)
	at java.util.concurrent.ThreadPoolExecutor.runWorker(ThreadPoolExecutor.java:1142)
	at java.util.concurrent.ThreadPoolExecutor$Worker.run(ThreadPoolExecutor.java:617)
	at java.lang.Thread.run(Thread.java:745)
]]>
            </full-stacktrace>
          </exception> <!-- java.lang.AssertionError -->
          <reporter-output>
          </reporter-output>
        </test-method> <!-- asserHideMenu -->
        <test-method status="PASS" signature="asserItemLinks()[pri:0, instance:SideMenu@6d78f375]" name="asserItemLinks" duration-ms="10861" started-at="2017-09-03T15:50:49Z" finished-at="2017-09-03T15:51:00Z">
          <reporter-output>
          </reporter-output>
        </test-method> <!-- asserItemLinks -->
        <test-method status="FAIL" signature="assertActiveItem()[pri:0, instance:SideMenu@6d78f375]" name="assertActiveItem" duration-ms="1154" started-at="2017-09-03T15:51:00Z" finished-at="2017-09-03T15:51:01Z">
          <exception class="org.openqa.selenium.UnhandledAlertException">
            <message>
              <![CDATA[unexpected alert open: {Alert text : Error:TypeError: Failed to fetch}
  (Session info: chrome=60.0.3112.113)
  (Driver info: chromedriver=2.29.461591 (62ebf098771772160f391d75e589dc567915b233),platform=Windows NT 10.0.15063 x86_64) (WARNING: The server did not provide any stacktrace information)
Command duration or timeout: 56 milliseconds: null
Build info: version: '3.4.0', revision: 'unknown', time: 'unknown'
System info: host: 'DESKTOP-II50ODI', ip: '192.168.31.114', os.name: 'Windows 10', os.arch: 'amd64', os.version: '10.0', java.version: '1.8.0_121'
Driver info: org.openqa.selenium.chrome.ChromeDriver
Capabilities [{applicationCacheEnabled=false, rotatable=false, mobileEmulationEnabled=false, networkConnectionEnabled=false, chrome={chromedriverVersion=2.29.461591 (62ebf098771772160f391d75e589dc567915b233), userDataDir=C:\Users\3671~1\AppData\Local\Temp\scoped_dir5456_8461}, takesHeapSnapshot=true, pageLoadStrategy=normal, databaseEnabled=false, handlesAlerts=true, hasTouchScreen=false, version=60.0.3112.113, platform=XP, browserConnectionEnabled=false, nativeEvents=true, acceptSslCerts=true, locationContextEnabled=true, webStorageEnabled=true, browserName=chrome, takesScreenshot=true, javascriptEnabled=true, cssSelectorsEnabled=true, unexpectedAlertBehaviour=}]
Session ID: 843ad67b75bd65450a6241580f4e9ef1
*** Element info: {Using=xpath, value=//*[@id="app"]/div/div[1]/div/div[2]/div/ul/li[1]/ul/li[1]/a}]]>
            </message>
            <full-stacktrace>
              <![CDATA[org.openqa.selenium.UnhandledAlertException: unexpected alert open: {Alert text : Error:TypeError: Failed to fetch}
  (Session info: chrome=60.0.3112.113)
  (Driver info: chromedriver=2.29.461591 (62ebf098771772160f391d75e589dc567915b233),platform=Windows NT 10.0.15063 x86_64) (WARNING: The server did not provide any stacktrace information)
Command duration or timeout: 56 milliseconds: null
Build info: version: '3.4.0', revision: 'unknown', time: 'unknown'
System info: host: 'DESKTOP-II50ODI', ip: '192.168.31.114', os.name: 'Windows 10', os.arch: 'amd64', os.version: '10.0', java.version: '1.8.0_121'
Driver info: org.openqa.selenium.chrome.ChromeDriver
Capabilities [{applicationCacheEnabled=false, rotatable=false, mobileEmulationEnabled=false, networkConnectionEnabled=false, chrome={chromedriverVersion=2.29.461591 (62ebf098771772160f391d75e589dc567915b233), userDataDir=C:\Users\3671~1\AppData\Local\Temp\scoped_dir5456_8461}, takesHeapSnapshot=true, pageLoadStrategy=normal, databaseEnabled=false, handlesAlerts=true, hasTouchScreen=false, version=60.0.3112.113, platform=XP, browserConnectionEnabled=false, nativeEvents=true, acceptSslCerts=true, locationContextEnabled=true, webStorageEnabled=true, browserName=chrome, takesScreenshot=true, javascriptEnabled=true, cssSelectorsEnabled=true, unexpectedAlertBehaviour=}]
Session ID: 843ad67b75bd65450a6241580f4e9ef1
*** Element info: {Using=xpath, value=//*[@id="app"]/div/div[1]/div/div[2]/div/ul/li[1]/ul/li[1]/a}
	at sun.reflect.NativeConstructorAccessorImpl.newInstance0(Native Method)
	at sun.reflect.NativeConstructorAccessorImpl.newInstance(NativeConstructorAccessorImpl.java:62)
	at sun.reflect.DelegatingConstructorAccessorImpl.newInstance(DelegatingConstructorAccessorImpl.java:45)
	at java.lang.reflect.Constructor.newInstance(Constructor.java:423)
	at org.openqa.selenium.remote.ErrorHandler.createThrowable(ErrorHandler.java:215)
	at org.openqa.selenium.remote.ErrorHandler.throwIfResponseFailed(ErrorHandler.java:173)
	at org.openqa.selenium.remote.RemoteWebDriver.execute(RemoteWebDriver.java:671)
	at org.openqa.selenium.remote.RemoteWebDriver.findElement(RemoteWebDriver.java:410)
	at org.openqa.selenium.remote.RemoteWebDriver.findElementByXPath(RemoteWebDriver.java:509)
	at org.openqa.selenium.By$ByXPath.findElement(By.java:361)
	at org.openqa.selenium.remote.RemoteWebDriver.findElement(RemoteWebDriver.java:402)
	at ui.SideMenuPage.clickUpcomingItem(SideMenuPage.java:44)
	at SideMenu.assertActiveItem(SideMenu.java:137)
	at sun.reflect.NativeMethodAccessorImpl.invoke0(Native Method)
	at sun.reflect.NativeMethodAccessorImpl.invoke(NativeMethodAccessorImpl.java:62)
	at sun.reflect.DelegatingMethodAccessorImpl.invoke(DelegatingMethodAccessorImpl.java:43)
	at java.lang.reflect.Method.invoke(Method.java:498)
	at org.testng.internal.MethodInvocationHelper.invokeMethod(MethodInvocationHelper.java:108)
	at org.testng.internal.Invoker.invokeMethod(Invoker.java:661)
	at org.testng.internal.Invoker.invokeTestMethod(Invoker.java:869)
	at org.testng.internal.Invoker.invokeTestMethods(Invoker.java:1193)
	at org.testng.internal.TestMethodWorker.invokeTestMethods(TestMethodWorker.java:126)
	at org.testng.internal.TestMethodWorker.run(TestMethodWorker.java:109)
	at org.testng.TestRunner.privateRun(TestRunner.java:744)
	at org.testng.TestRunner.run(TestRunner.java:602)
	at org.testng.SuiteRunner.runTest(SuiteRunner.java:380)
	at org.testng.SuiteRunner.access$000(SuiteRunner.java:39)
	at org.testng.SuiteRunner$SuiteWorker.run(SuiteRunner.java:414)
	at org.testng.internal.thread.ThreadUtil$1.call(ThreadUtil.java:52)
	at java.util.concurrent.FutureTask.run(FutureTask.java:266)
	at java.util.concurrent.ThreadPoolExecutor.runWorker(ThreadPoolExecutor.java:1142)
	at java.util.concurrent.ThreadPoolExecutor$Worker.run(ThreadPoolExecutor.java:617)
	at java.lang.Thread.run(Thread.java:745)
]]>
            </full-stacktrace>
          </exception> <!-- org.openqa.selenium.UnhandledAlertException -->
          <reporter-output>
          </reporter-output>
        </test-method> <!-- assertActiveItem -->
        <test-method status="FAIL" signature="assertChangingTemplateItem()[pri:0, instance:SideMenu@6d78f375]" name="assertChangingTemplateItem" duration-ms="226" started-at="2017-09-03T15:51:01Z" finished-at="2017-09-03T15:51:01Z">
          <exception class="org.openqa.selenium.UnhandledAlertException">
            <message>
              <![CDATA[unexpected alert open: {Alert text : Error:TypeError: Failed to fetch}
  (Session info: chrome=60.0.3112.113)
  (Driver info: chromedriver=2.29.461591 (62ebf098771772160f391d75e589dc567915b233),platform=Windows NT 10.0.15063 x86_64) (WARNING: The server did not provide any stacktrace information)
Command duration or timeout: 38 milliseconds: null
Build info: version: '3.4.0', revision: 'unknown', time: 'unknown'
System info: host: 'DESKTOP-II50ODI', ip: '192.168.31.114', os.name: 'Windows 10', os.arch: 'amd64', os.version: '10.0', java.version: '1.8.0_121'
Driver info: org.openqa.selenium.chrome.ChromeDriver
Capabilities [{applicationCacheEnabled=false, rotatable=false, mobileEmulationEnabled=false, networkConnectionEnabled=false, chrome={chromedriverVersion=2.29.461591 (62ebf098771772160f391d75e589dc567915b233), userDataDir=C:\Users\3671~1\AppData\Local\Temp\scoped_dir5456_8461}, takesHeapSnapshot=true, pageLoadStrategy=normal, databaseEnabled=false, handlesAlerts=true, hasTouchScreen=false, version=60.0.3112.113, platform=XP, browserConnectionEnabled=false, nativeEvents=true, acceptSslCerts=true, locationContextEnabled=true, webStorageEnabled=true, browserName=chrome, takesScreenshot=true, javascriptEnabled=true, cssSelectorsEnabled=true, unexpectedAlertBehaviour=}]
Session ID: 843ad67b75bd65450a6241580f4e9ef1]]>
            </message>
            <full-stacktrace>
              <![CDATA[org.openqa.selenium.UnhandledAlertException: unexpected alert open: {Alert text : Error:TypeError: Failed to fetch}
  (Session info: chrome=60.0.3112.113)
  (Driver info: chromedriver=2.29.461591 (62ebf098771772160f391d75e589dc567915b233),platform=Windows NT 10.0.15063 x86_64) (WARNING: The server did not provide any stacktrace information)
Command duration or timeout: 38 milliseconds: null
Build info: version: '3.4.0', revision: 'unknown', time: 'unknown'
System info: host: 'DESKTOP-II50ODI', ip: '192.168.31.114', os.name: 'Windows 10', os.arch: 'amd64', os.version: '10.0', java.version: '1.8.0_121'
Driver info: org.openqa.selenium.chrome.ChromeDriver
Capabilities [{applicationCacheEnabled=false, rotatable=false, mobileEmulationEnabled=false, networkConnectionEnabled=false, chrome={chromedriverVersion=2.29.461591 (62ebf098771772160f391d75e589dc567915b233), userDataDir=C:\Users\3671~1\AppData\Local\Temp\scoped_dir5456_8461}, takesHeapSnapshot=true, pageLoadStrategy=normal, databaseEnabled=false, handlesAlerts=true, hasTouchScreen=false, version=60.0.3112.113, platform=XP, browserConnectionEnabled=false, nativeEvents=true, acceptSslCerts=true, locationContextEnabled=true, webStorageEnabled=true, browserName=chrome, takesScreenshot=true, javascriptEnabled=true, cssSelectorsEnabled=true, unexpectedAlertBehaviour=}]
Session ID: 843ad67b75bd65450a6241580f4e9ef1
	at sun.reflect.NativeConstructorAccessorImpl.newInstance0(Native Method)
	at sun.reflect.NativeConstructorAccessorImpl.newInstance(NativeConstructorAccessorImpl.java:62)
	at sun.reflect.DelegatingConstructorAccessorImpl.newInstance(DelegatingConstructorAccessorImpl.java:45)
	at java.lang.reflect.Constructor.newInstance(Constructor.java:423)
	at org.openqa.selenium.remote.ErrorHandler.createThrowable(ErrorHandler.java:215)
	at org.openqa.selenium.remote.ErrorHandler.throwIfResponseFailed(ErrorHandler.java:173)
	at org.openqa.selenium.remote.RemoteWebDriver.execute(RemoteWebDriver.java:671)
	at org.openqa.selenium.remote.RemoteWebDriver.get(RemoteWebDriver.java:364)
	at ui.LoginPage.open(LoginPage.java:63)
	at SideMenu.assertChangingTemplateItem(SideMenu.java:91)
	at sun.reflect.NativeMethodAccessorImpl.invoke0(Native Method)
	at sun.reflect.NativeMethodAccessorImpl.invoke(NativeMethodAccessorImpl.java:62)
	at sun.reflect.DelegatingMethodAccessorImpl.invoke(DelegatingMethodAccessorImpl.java:43)
	at java.lang.reflect.Method.invoke(Method.java:498)
	at org.testng.internal.MethodInvocationHelper.invokeMethod(MethodInvocationHelper.java:108)
	at org.testng.internal.Invoker.invokeMethod(Invoker.java:661)
	at org.testng.internal.Invoker.invokeTestMethod(Invoker.java:869)
	at org.testng.internal.Invoker.invokeTestMethods(Invoker.java:1193)
	at org.testng.internal.TestMethodWorker.invokeTestMethods(TestMethodWorker.java:126)
	at org.testng.internal.TestMethodWorker.run(TestMethodWorker.java:109)
	at org.testng.TestRunner.privateRun(TestRunner.java:744)
	at org.testng.TestRunner.run(TestRunner.java:602)
	at org.testng.SuiteRunner.runTest(SuiteRunner.java:380)
	at org.testng.SuiteRunner.access$000(SuiteRunner.java:39)
	at org.testng.SuiteRunner$SuiteWorker.run(SuiteRunner.java:414)
	at org.testng.internal.thread.ThreadUtil$1.call(ThreadUtil.java:52)
	at java.util.concurrent.FutureTask.run(FutureTask.java:266)
	at java.util.concurrent.ThreadPoolExecutor.runWorker(ThreadPoolExecutor.java:1142)
	at java.util.concurrent.ThreadPoolExecutor$Worker.run(ThreadPoolExecutor.java:617)
	at java.lang.Thread.run(Thread.java:745)
]]>
            </full-stacktrace>
          </exception> <!-- org.openqa.selenium.UnhandledAlertException -->
          <reporter-output>
          </reporter-output>
        </test-method> <!-- assertChangingTemplateItem -->
        <test-method status="FAIL" signature="assertIconsOfMenuItems()[pri:0, instance:SideMenu@6d78f375]" name="assertIconsOfMenuItems" duration-ms="82" started-at="2017-09-03T15:51:01Z" finished-at="2017-09-03T15:51:01Z">
          <exception class="org.openqa.selenium.UnhandledAlertException">
            <message>
              <![CDATA[unexpected alert open: {Alert text : Error:TypeError: Failed to fetch}
  (Session info: chrome=60.0.3112.113)
  (Driver info: chromedriver=2.29.461591 (62ebf098771772160f391d75e589dc567915b233),platform=Windows NT 10.0.15063 x86_64) (WARNING: The server did not provide any stacktrace information)
Command duration or timeout: 78 milliseconds: null
Build info: version: '3.4.0', revision: 'unknown', time: 'unknown'
System info: host: 'DESKTOP-II50ODI', ip: '192.168.31.114', os.name: 'Windows 10', os.arch: 'amd64', os.version: '10.0', java.version: '1.8.0_121'
Driver info: org.openqa.selenium.chrome.ChromeDriver
Capabilities [{applicationCacheEnabled=false, rotatable=false, mobileEmulationEnabled=false, networkConnectionEnabled=false, chrome={chromedriverVersion=2.29.461591 (62ebf098771772160f391d75e589dc567915b233), userDataDir=C:\Users\3671~1\AppData\Local\Temp\scoped_dir5456_8461}, takesHeapSnapshot=true, pageLoadStrategy=normal, databaseEnabled=false, handlesAlerts=true, hasTouchScreen=false, version=60.0.3112.113, platform=XP, browserConnectionEnabled=false, nativeEvents=true, acceptSslCerts=true, locationContextEnabled=true, webStorageEnabled=true, browserName=chrome, takesScreenshot=true, javascriptEnabled=true, cssSelectorsEnabled=true, unexpectedAlertBehaviour=}]
Session ID: 843ad67b75bd65450a6241580f4e9ef1]]>
            </message>
            <full-stacktrace>
              <![CDATA[org.openqa.selenium.UnhandledAlertException: unexpected alert open: {Alert text : Error:TypeError: Failed to fetch}
  (Session info: chrome=60.0.3112.113)
  (Driver info: chromedriver=2.29.461591 (62ebf098771772160f391d75e589dc567915b233),platform=Windows NT 10.0.15063 x86_64) (WARNING: The server did not provide any stacktrace information)
Command duration or timeout: 78 milliseconds: null
Build info: version: '3.4.0', revision: 'unknown', time: 'unknown'
System info: host: 'DESKTOP-II50ODI', ip: '192.168.31.114', os.name: 'Windows 10', os.arch: 'amd64', os.version: '10.0', java.version: '1.8.0_121'
Driver info: org.openqa.selenium.chrome.ChromeDriver
Capabilities [{applicationCacheEnabled=false, rotatable=false, mobileEmulationEnabled=false, networkConnectionEnabled=false, chrome={chromedriverVersion=2.29.461591 (62ebf098771772160f391d75e589dc567915b233), userDataDir=C:\Users\3671~1\AppData\Local\Temp\scoped_dir5456_8461}, takesHeapSnapshot=true, pageLoadStrategy=normal, databaseEnabled=false, handlesAlerts=true, hasTouchScreen=false, version=60.0.3112.113, platform=XP, browserConnectionEnabled=false, nativeEvents=true, acceptSslCerts=true, locationContextEnabled=true, webStorageEnabled=true, browserName=chrome, takesScreenshot=true, javascriptEnabled=true, cssSelectorsEnabled=true, unexpectedAlertBehaviour=}]
Session ID: 843ad67b75bd65450a6241580f4e9ef1
	at sun.reflect.NativeConstructorAccessorImpl.newInstance0(Native Method)
	at sun.reflect.NativeConstructorAccessorImpl.newInstance(NativeConstructorAccessorImpl.java:62)
	at sun.reflect.DelegatingConstructorAccessorImpl.newInstance(DelegatingConstructorAccessorImpl.java:45)
	at java.lang.reflect.Constructor.newInstance(Constructor.java:423)
	at org.openqa.selenium.remote.ErrorHandler.createThrowable(ErrorHandler.java:215)
	at org.openqa.selenium.remote.ErrorHandler.throwIfResponseFailed(ErrorHandler.java:173)
	at org.openqa.selenium.remote.RemoteWebDriver.execute(RemoteWebDriver.java:671)
	at org.openqa.selenium.remote.RemoteWebDriver.get(RemoteWebDriver.java:364)
	at ui.LoginPage.open(LoginPage.java:63)
	at SideMenu.assertIconsOfMenuItems(SideMenu.java:65)
	at sun.reflect.NativeMethodAccessorImpl.invoke0(Native Method)
	at sun.reflect.NativeMethodAccessorImpl.invoke(NativeMethodAccessorImpl.java:62)
	at sun.reflect.DelegatingMethodAccessorImpl.invoke(DelegatingMethodAccessorImpl.java:43)
	at java.lang.reflect.Method.invoke(Method.java:498)
	at org.testng.internal.MethodInvocationHelper.invokeMethod(MethodInvocationHelper.java:108)
	at org.testng.internal.Invoker.invokeMethod(Invoker.java:661)
	at org.testng.internal.Invoker.invokeTestMethod(Invoker.java:869)
	at org.testng.internal.Invoker.invokeTestMethods(Invoker.java:1193)
	at org.testng.internal.TestMethodWorker.invokeTestMethods(TestMethodWorker.java:126)
	at org.testng.internal.TestMethodWorker.run(TestMethodWorker.java:109)
	at org.testng.TestRunner.privateRun(TestRunner.java:744)
	at org.testng.TestRunner.run(TestRunner.java:602)
	at org.testng.SuiteRunner.runTest(SuiteRunner.java:380)
	at org.testng.SuiteRunner.access$000(SuiteRunner.java:39)
	at org.testng.SuiteRunner$SuiteWorker.run(SuiteRunner.java:414)
	at org.testng.internal.thread.ThreadUtil$1.call(ThreadUtil.java:52)
	at java.util.concurrent.FutureTask.run(FutureTask.java:266)
	at java.util.concurrent.ThreadPoolExecutor.runWorker(ThreadPoolExecutor.java:1142)
	at java.util.concurrent.ThreadPoolExecutor$Worker.run(ThreadPoolExecutor.java:617)
	at java.lang.Thread.run(Thread.java:745)
]]>
            </full-stacktrace>
          </exception> <!-- org.openqa.selenium.UnhandledAlertException -->
          <reporter-output>
          </reporter-output>
        </test-method> <!-- assertIconsOfMenuItems -->
        <test-method status="PASS" signature="after()[pri:0, instance:SideMenu@6d78f375]" name="after" is-config="true" duration-ms="14748" started-at="2017-09-03T15:51:01Z" finished-at="2017-09-03T15:51:16Z">
          <reporter-output>
          </reporter-output>
        </test-method> <!-- after -->
      </class> <!-- SideMenu -->
    </test> <!-- functestForSideMenu -->
    <test name="functestForLoginPage" duration-ms="78402" started-at="2017-09-03T12:50:05Z" finished-at="2017-09-03T12:51:24Z">
      <class name="Login">
        <test-method status="PASS" signature="before()[pri:0, instance:Login@7946e1f4]" name="before" is-config="true" duration-ms="5177" started-at="2017-09-03T15:50:05Z" finished-at="2017-09-03T15:50:10Z">
          <reporter-output>
          </reporter-output>
        </test-method> <!-- before -->
        <test-method status="PASS" signature="assertElementsOnPage()[pri:0, instance:Login@7946e1f4]" name="assertElementsOnPage" duration-ms="39919" started-at="2017-09-03T15:50:11Z" finished-at="2017-09-03T15:50:51Z">
          <reporter-output>
          </reporter-output>
        </test-method> <!-- assertElementsOnPage -->
        <test-method status="PASS" signature="dontHaveAccount()[pri:0, instance:Login@7946e1f4]" name="dontHaveAccount" duration-ms="5105" started-at="2017-09-03T15:50:51Z" finished-at="2017-09-03T15:50:56Z">
          <reporter-output>
          </reporter-output>
        </test-method> <!-- dontHaveAccount -->
        <test-method status="PASS" signature="enterEmail()[pri:0, instance:Login@7946e1f4]" name="enterEmail" duration-ms="3184" started-at="2017-09-03T15:50:56Z" finished-at="2017-09-03T15:50:59Z">
          <reporter-output>
          </reporter-output>
        </test-method> <!-- enterEmail -->
        <test-method status="PASS" signature="enterMaxEmail()[pri:0, instance:Login@7946e1f4]" name="enterMaxEmail" duration-ms="1638" started-at="2017-09-03T15:50:59Z" finished-at="2017-09-03T15:51:01Z">
          <reporter-output>
          </reporter-output>
        </test-method> <!-- enterMaxEmail -->
        <test-method status="PASS" signature="enterMaxPassword()[pri:0, instance:Login@7946e1f4]" name="enterMaxPassword" duration-ms="1601" started-at="2017-09-03T15:51:01Z" finished-at="2017-09-03T15:51:02Z">
          <reporter-output>
          </reporter-output>
        </test-method> <!-- enterMaxPassword -->
        <test-method status="PASS" signature="enterMinPassword()[pri:0, instance:Login@7946e1f4]" name="enterMinPassword" duration-ms="2142" started-at="2017-09-03T15:51:02Z" finished-at="2017-09-03T15:51:04Z">
          <reporter-output>
          </reporter-output>
        </test-method> <!-- enterMinPassword -->
        <test-method status="PASS" signature="enterMinThenMinEmail()[pri:0, instance:Login@7946e1f4]" name="enterMinThenMinEmail" duration-ms="2191" started-at="2017-09-03T15:51:04Z" finished-at="2017-09-03T15:51:06Z">
          <reporter-output>
          </reporter-output>
        </test-method> <!-- enterMinThenMinEmail -->
        <test-method status="PASS" signature="enterMinThenMinPassword()[pri:0, instance:Login@7946e1f4]" name="enterMinThenMinPassword" duration-ms="2785" started-at="2017-09-03T15:51:06Z" finished-at="2017-09-03T15:51:09Z">
          <reporter-output>
          </reporter-output>
        </test-method> <!-- enterMinThenMinPassword -->
        <test-method status="PASS" signature="enterWithEmptyPassword()[pri:0, instance:Login@7946e1f4]" name="enterWithEmptyPassword" duration-ms="2658" started-at="2017-09-03T15:51:09Z" finished-at="2017-09-03T15:51:12Z">
          <reporter-output>
          </reporter-output>
        </test-method> <!-- enterWithEmptyPassword -->
        <test-method status="PASS" signature="enterWithWrongEmail()[pri:0, instance:Login@7946e1f4]" name="enterWithWrongEmail" duration-ms="2643" started-at="2017-09-03T15:51:12Z" finished-at="2017-09-03T15:51:15Z">
          <reporter-output>
          </reporter-output>
        </test-method> <!-- enterWithWrongEmail -->
        <test-method status="PASS" signature="enterWithWrongPassword()[pri:0, instance:Login@7946e1f4]" name="enterWithWrongPassword" duration-ms="3066" started-at="2017-09-03T15:51:15Z" finished-at="2017-09-03T15:51:18Z">
          <reporter-output>
          </reporter-output>
        </test-method> <!-- enterWithWrongPassword -->
        <test-method status="PASS" signature="passwordHolder()[pri:0, instance:Login@7946e1f4]" name="passwordHolder" duration-ms="2158" started-at="2017-09-03T15:51:18Z" finished-at="2017-09-03T15:51:20Z">
          <reporter-output>
          </reporter-output>
        </test-method> <!-- passwordHolder -->
        <test-method status="PASS" signature="passwordWithAsterisk()[pri:0, instance:Login@7946e1f4]" name="passwordWithAsterisk" duration-ms="2206" started-at="2017-09-03T15:51:20Z" finished-at="2017-09-03T15:51:22Z">
          <reporter-output>
          </reporter-output>
        </test-method> <!-- passwordWithAsterisk -->
        <test-method status="PASS" signature="after()[pri:0, instance:Login@7946e1f4]" name="after" is-config="true" duration-ms="1725" started-at="2017-09-03T15:51:22Z" finished-at="2017-09-03T15:51:24Z">
          <reporter-output>
          </reporter-output>
        </test-method> <!-- after -->
      </class> <!-- Login -->
    </test> <!-- functestForLoginPage -->
  </suite> <!-- Parallel test suite -->
</testng-results>
